<?xml version="1.0" encoding="UTF-8"?>
<testsuite xmlns:xsi="http://www.w3.org/2001/XMLSchema-instance" xsi:noNamespaceSchemaLocation="https://maven.apache.org/surefire/maven-surefire-plugin/xsd/surefire-test-report-3.0.xsd" version="3.0" name="org.openapitools.OpenApiGeneratorApplicationTests" time="6.522" tests="1" errors="0" skipped="0" failures="0">
  <properties>
[...]
</properties>
  <testcase name="contextLoads" classname="org.openapitools.OpenApiGeneratorApplicationTests" time="0.565">
    <system-out><![CDATA[21:16:44.179 [main] INFO org.springframework.test.context.support.AnnotationConfigContextLoaderUtils -- Could not detect default configuration classes for test class [org.openapitools.OpenApiGeneratorApplicationTests]: OpenApiGeneratorApplicationTests does not declare any static, non-private, non-final, nested classes annotated with @Configuration.
21:16:44.983 [main] INFO org.springframework.boot.test.context.SpringBootTestContextBootstrapper -- Found @SpringBootConfiguration org.openapitools.OpenApiGeneratorApplication for test class org.openapitools.OpenApiGeneratorApplicationTests

  .   ____          _            __ _ _
 /\\ / ___'_ __ _ _(_)_ __  __ _ \ \ \ \
( ( )\___ | '_ | '_| | '_ \/ _` | \ \ \ \
 \\/  ___)| |_)| | | | | || (_| |  ) ) ) )
  '  |____| .__|_| |_|_| |_\__, | / / / /
 =========|_|==============|___/=/_/_/_/
 :: Spring Boot ::                (v3.1.1)

2024-10-28T21:16:45.331+05:30  INFO 10016 --- [           main] o.o.OpenApiGeneratorApplicationTests     : Starting OpenApiGeneratorApplicationTests using Java 20.0.1 with PID 10016 (started by sandeep_roy in /home/sandeep_roy/Downloads/Spring/Workspace/Enhanced/API-First-Learning/auth-service)
2024-10-28T21:16:45.332+05:30  INFO 10016 --- [           main] o.o.OpenApiGeneratorApplicationTests     : No active profile set, falling back to 1 default profile: "default"
2024-10-28T21:16:45.999+05:30  INFO 10016 --- [           main] .s.d.r.c.RepositoryConfigurationDelegate : Bootstrapping Spring Data JPA repositories in DEFAULT mode.
2024-10-28T21:16:46.060+05:30  INFO 10016 --- [           main] .s.d.r.c.RepositoryConfigurationDelegate : Finished Spring Data repository scanning in 54 ms. Found 1 JPA repository interfaces.
2024-10-28T21:16:46.543+05:30  INFO 10016 --- [           main] o.hibernate.jpa.internal.util.LogHelper  : HHH000204: Processing PersistenceUnitInfo [name: default]
2024-10-28T21:16:46.584+05:30  INFO 10016 --- [           main] org.hibernate.Version                    : HHH000412: Hibernate ORM core version 6.2.5.Final
2024-10-28T21:16:46.586+05:30  INFO 10016 --- [           main] org.hibernate.cfg.Environment            : HHH000406: Using bytecode reflection optimizer
2024-10-28T21:16:46.708+05:30  INFO 10016 --- [           main] o.h.b.i.BytecodeProviderInitiator        : HHH000021: Bytecode provider name : bytebuddy
2024-10-28T21:16:46.833+05:30  INFO 10016 --- [           main] o.s.o.j.p.SpringPersistenceUnitInfo      : No LoadTimeWeaver setup: ignoring JPA class transformer
2024-10-28T21:16:46.858+05:30  INFO 10016 --- [           main] com.zaxxer.hikari.HikariDataSource       : HikariPool-1 - Starting...
2024-10-28T21:16:47.320+05:30  INFO 10016 --- [           main] com.zaxxer.hikari.pool.HikariPool        : HikariPool-1 - Added connection com.mysql.cj.jdbc.ConnectionImpl@41e8d917
2024-10-28T21:16:47.322+05:30  INFO 10016 --- [           main] com.zaxxer.hikari.HikariDataSource       : HikariPool-1 - Start completed.
2024-10-28T21:16:47.679+05:30  INFO 10016 --- [           main] o.h.b.i.BytecodeProviderInitiator        : HHH000021: Bytecode provider name : bytebuddy
2024-10-28T21:16:48.254+05:30  INFO 10016 --- [           main] o.h.e.t.j.p.i.JtaPlatformInitiator       : HHH000490: Using JtaPlatform implementation: [org.hibernate.engine.transaction.jta.platform.internal.NoJtaPlatform]
2024-10-28T21:16:48.495+05:30  INFO 10016 --- [           main] j.LocalContainerEntityManagerFactoryBean : Initialized JPA EntityManagerFactory for persistence unit 'default'
2024-10-28T21:16:48.982+05:30  WARN 10016 --- [           main] JpaBaseConfiguration$JpaWebConfiguration : spring.jpa.open-in-view is enabled by default. Therefore, database queries may be performed during view rendering. Explicitly configure spring.jpa.open-in-view to disable this warning
2024-10-28T21:16:49.800+05:30  WARN 10016 --- [           main] .s.s.UserDetailsServiceAutoConfiguration : 

Using generated security password: 4083732a-2ab2-4053-a515-b0f7f8b95aaa

This generated password is for development use only. Your security configuration must be updated before running your application in production.

2024-10-28T21:16:49.905+05:30  INFO 10016 --- [           main] o.s.s.web.DefaultSecurityFilterChain     : Will secure any request with [org.springframework.security.web.session.DisableEncodeUrlFilter@63df2eb8, org.springframework.security.web.context.request.async.WebAsyncManagerIntegrationFilter@49c72fb7, org.springframework.security.web.context.SecurityContextHolderFilter@5c3e7128, org.springframework.security.web.header.HeaderWriterFilter@7baf7e2c, org.springframework.security.web.csrf.CsrfFilter@a4388f1, org.springframework.security.web.authentication.logout.LogoutFilter@5afaae7e, org.springframework.security.web.authentication.UsernamePasswordAuthenticationFilter@14f254f, org.springframework.security.web.authentication.ui.DefaultLoginPageGeneratingFilter@640028f2, org.springframework.security.web.authentication.ui.DefaultLogoutPageGeneratingFilter@565983f3, org.springframework.security.web.authentication.www.BasicAuthenticationFilter@6908674b, org.springframework.security.web.savedrequest.RequestCacheAwareFilter@10c67c1c, org.springframework.security.web.servletapi.SecurityContextHolderAwareRequestFilter@4193da4d, org.springframework.security.web.authentication.AnonymousAuthenticationFilter@68024e57, org.springframework.security.web.access.ExceptionTranslationFilter@48861d1, org.springframework.security.web.access.intercept.AuthorizationFilter@5c141c7b]
2024-10-28T21:16:49.956+05:30  INFO 10016 --- [           main] o.o.OpenApiGeneratorApplicationTests     : Started OpenApiGeneratorApplicationTests in 4.856 seconds (process running for 6.388)
]]></system-out>
  </testcase>
</testsuite>